[22:59:25] [main/INFO]: Loading for game Minecraft 1.17.1
[22:59:25] [main/INFO]: Loading 54 mods:
	- appleskin mc1.17-2.1.3
	- cloth-basic-math 0.5.1
	- cloth-config2 5.0.34
	- fabric 0.42.1+1.17
	- fabric-api-base 0.4.0+5847535018
	- fabric-api-lookup-api-v1 1.3.1+5847535018
	- fabric-biome-api-v1 3.2.2+5847535018
	- fabric-blockrenderlayer-v1 1.1.6+5847535018
	- fabric-command-api-v1 1.1.4+5847535018
	- fabric-commands-v0 0.2.3+5847535018
	- fabric-containers-v0 0.1.13+5847535018
	- fabric-content-registries-v0 0.3.1+5847535018
	- fabric-crash-report-info-v1 0.1.6+5847535018
	- fabric-dimensions-v1 2.0.13+5847535018
	- fabric-entity-events-v1 1.3.1+5847535018
	- fabric-events-interaction-v0 0.4.11+5847535018
	- fabric-events-lifecycle-v0 0.2.2+5847535018
	- fabric-game-rule-api-v1 1.0.8+5847535018
	- fabric-gametest-api-v1 1.0.2+5847535018
	- fabric-item-api-v1 1.2.5+5847535018
	- fabric-item-groups-v0 0.3.1+5847535018
	- fabric-key-binding-api-v1 1.0.5+5847535018
	- fabric-keybindings-v0 0.2.3+5847535018
	- fabric-lifecycle-events-v1 1.4.5+5847535018
	- fabric-loot-tables-v1 1.0.5+5847535018
	- fabric-mining-level-api-v1 1.0.2+6d0fac4218
	- fabric-mining-levels-v0 0.1.5+6d0fac4218
	- fabric-models-v0 0.3.1+5847535018
	- fabric-networking-api-v1 1.0.14+5847535018
	- fabric-networking-blockentity-v0 0.2.12+5847535018
	- fabric-networking-v0 0.3.3+5847535018
	- fabric-object-builder-api-v1 1.10.11+6d0fac4218
	- fabric-object-builders-v0 0.7.5+6d0fac4218
	- fabric-particles-v1 0.2.5+5847535018
	- fabric-registry-sync-v0 0.7.13+5847535018
	- fabric-renderer-api-v1 0.4.5+5847535018
	- fabric-renderer-indigo 0.4.9+5847535018
	- fabric-renderer-registries-v1 3.2.6+6d0fac4218
	- fabric-rendering-data-attachment-v1 0.1.6+5847535018
	- fabric-rendering-fluids-v1 0.2.1+6d0fac4218
	- fabric-rendering-v0 1.1.7+6d0fac4218
	- fabric-rendering-v1 1.10.1+6d0fac4218
	- fabric-resource-loader-v0 0.4.9+5847535018
	- fabric-screen-api-v1 1.0.5+5847535018
	- fabric-screen-handler-api-v1 1.1.9+5847535018
	- fabric-structure-api-v1 1.1.14+5847535018
	- fabric-tag-extensions-v0 1.2.2+5847535018
	- fabric-textures-v0 1.0.7+5847535018
	- fabric-tool-attribute-api-v1 1.3.1+eb76084f18
	- fabric-transfer-api-v1 1.5.1+6d0fac4218
	- fabricloader 0.12.5
	- java 16
	- minecraft 1.17.1
	- overflowtosaturation 1.0.0
[22:59:27] [main/WARN]: Mod `appleskin` (mc1.17-2.1.3) does not respect SemVer - comparison support is limited.
[22:59:27] [main/INFO]: SpongePowered MIXIN Subsystem Version=0.8.4 Source=file:/C:/Users/RTTV/.gradle/caches/modules-2/files-2.1/net.fabricmc/sponge-mixin/0.10.6+mixin.0.8.4/71f8ab094808b8ca0d7b572413642c88170bef0d/sponge-mixin-0.10.6+mixin.0.8.4.jar Service=Knot/Fabric Env=CLIENT
[22:59:27] [main/INFO]: Attempting to load Hot-Swap agent
[22:59:28] [main/INFO]: Loaded Fabric development mappings for mixin remapper!
[22:59:28] [main/WARN]: Registration of InjectionPoint APPLESKIN_IINC with squeek.appleskin.mixin.util.BeforeInc without specifying namespace is deprecated.
[22:59:28] [main/INFO]: Compatibility level set to JAVA_16
[22:59:28] [main/WARN]: Catching java.lang.ClassNotFoundException: me/shedaniel/rei/impl/client/gui/fabric/ScreenOverlayImplImpl
java.lang.ClassNotFoundException: me/shedaniel/rei/impl/client/gui/fabric/ScreenOverlayImplImpl
	at net.fabricmc.loader.impl.launch.knot.MixinServiceKnot.getClassBytes(MixinServiceKnot.java:65) ~[fabric-loader-0.12.5.jar:?]
	at net.fabricmc.loader.impl.launch.knot.MixinServiceKnot.getClassNode(MixinServiceKnot.java:76) ~[fabric-loader-0.12.5.jar:?]
	at net.fabricmc.loader.impl.launch.knot.MixinServiceKnot.getClassNode(MixinServiceKnot.java:71) ~[fabric-loader-0.12.5.jar:?]
	at org.spongepowered.asm.mixin.transformer.ClassInfo.forName(ClassInfo.java:2022) [sponge-mixin-0.10.6+mixin.0.8.4.jar:0.10.6+mixin.0.8.4]
	at org.spongepowered.asm.mixin.transformer.MixinInfo.getTargetClass(MixinInfo.java:1018) [sponge-mixin-0.10.6+mixin.0.8.4.jar:0.10.6+mixin.0.8.4]
	at org.spongepowered.asm.mixin.transformer.MixinInfo.readTargetClasses(MixinInfo.java:1008) [sponge-mixin-0.10.6+mixin.0.8.4.jar:0.10.6+mixin.0.8.4]
	at org.spongepowered.asm.mixin.transformer.MixinInfo.parseTargets(MixinInfo.java:896) [sponge-mixin-0.10.6+mixin.0.8.4.jar:0.10.6+mixin.0.8.4]
	at org.spongepowered.asm.mixin.transformer.MixinConfig.prepareMixins(MixinConfig.java:869) [sponge-mixin-0.10.6+mixin.0.8.4.jar:0.10.6+mixin.0.8.4]
	at org.spongepowered.asm.mixin.transformer.MixinConfig.prepare(MixinConfig.java:781) [sponge-mixin-0.10.6+mixin.0.8.4.jar:0.10.6+mixin.0.8.4]
	at org.spongepowered.asm.mixin.transformer.MixinProcessor.prepareConfigs(MixinProcessor.java:540) [sponge-mixin-0.10.6+mixin.0.8.4.jar:0.10.6+mixin.0.8.4]
	at org.spongepowered.asm.mixin.transformer.MixinProcessor.select(MixinProcessor.java:462) [sponge-mixin-0.10.6+mixin.0.8.4.jar:0.10.6+mixin.0.8.4]
	at org.spongepowered.asm.mixin.transformer.MixinProcessor.checkSelect(MixinProcessor.java:438) [sponge-mixin-0.10.6+mixin.0.8.4.jar:0.10.6+mixin.0.8.4]
	at org.spongepowered.asm.mixin.transformer.MixinProcessor.applyMixins(MixinProcessor.java:290) [sponge-mixin-0.10.6+mixin.0.8.4.jar:0.10.6+mixin.0.8.4]
	at org.spongepowered.asm.mixin.transformer.MixinTransformer.transformClass(MixinTransformer.java:234) [sponge-mixin-0.10.6+mixin.0.8.4.jar:0.10.6+mixin.0.8.4]
	at org.spongepowered.asm.mixin.transformer.MixinTransformer.transformClassBytes(MixinTransformer.java:202) [sponge-mixin-0.10.6+mixin.0.8.4.jar:0.10.6+mixin.0.8.4]
	at net.fabricmc.loader.impl.launch.knot.KnotClassDelegate.getPostMixinClassByteArray(KnotClassDelegate.java:222) [fabric-loader-0.12.5.jar:?]
	at net.fabricmc.loader.impl.launch.knot.KnotClassDelegate.tryLoadClass(KnotClassDelegate.java:133) [fabric-loader-0.12.5.jar:?]
	at net.fabricmc.loader.impl.launch.knot.KnotClassLoader.loadClass(KnotClassLoader.java:155) [fabric-loader-0.12.5.jar:?]
	at java.lang.ClassLoader.loadClass(ClassLoader.java:519) [?:?]
	at net.fabricmc.loader.impl.game.minecraft.MinecraftGameProvider.launch(MinecraftGameProvider.java:566) [fabric-loader-0.12.5.jar:?]
	at net.fabricmc.loader.impl.launch.knot.Knot.launch(Knot.java:74) [fabric-loader-0.12.5.jar:?]
	at net.fabricmc.loader.impl.launch.knot.KnotClient.main(KnotClient.java:23) [fabric-loader-0.12.5.jar:?]
	at net.fabricmc.devlaunchinjector.Main.main(Main.java:86) [dev-launch-injector-0.2.1+build.8.jar:?]
[22:59:28] [main/WARN]: Error loading class: me/shedaniel/rei/impl/client/gui/fabric/ScreenOverlayImplImpl (java.lang.ClassNotFoundException: me/shedaniel/rei/impl/client/gui/fabric/ScreenOverlayImplImpl)
[22:59:28] [main/WARN]: @Mixin target me.shedaniel.rei.impl.client.gui.fabric.ScreenOverlayImplImpl was not found appleskin.mixins.json:REITooltipMixin
[22:59:29] [main/WARN]: Configuration conflict: there is more than one oshi.properties file on the classpath
[22:59:29] [main/WARN]: Configuration conflict: there is more than one oshi.architecture.properties file on the classpath
[22:59:33] [Render thread/INFO]: Environment: authHost='https://authserver.mojang.com', accountsHost='https://api.mojang.com', sessionHost='https://sessionserver.mojang.com', servicesHost='https://api.minecraftservices.com', name='PROD'
[22:59:33] [Render thread/ERROR]: Failed to verify authentication
com.mojang.authlib.exceptions.InvalidCredentialsException: Status: 401
	at com.mojang.authlib.exceptions.MinecraftClientHttpException.toAuthenticationException(MinecraftClientHttpException.java:56) ~[authlib-2.3.31.jar:?]
	at com.mojang.authlib.yggdrasil.YggdrasilSocialInteractionsService.checkPrivileges(YggdrasilSocialInteractionsService.java:112) ~[authlib-2.3.31.jar:?]
	at com.mojang.authlib.yggdrasil.YggdrasilSocialInteractionsService.<init>(YggdrasilSocialInteractionsService.java:42) ~[authlib-2.3.31.jar:?]
	at com.mojang.authlib.yggdrasil.YggdrasilAuthenticationService.createSocialInteractionsService(YggdrasilAuthenticationService.java:151) ~[authlib-2.3.31.jar:?]
	at net.minecraft.client.MinecraftClient.createSocialInteractionsService(MinecraftClient.java:670) [minecraft-mapped.jar:?]
	at net.minecraft.client.MinecraftClient.<init>(MinecraftClient.java:429) [minecraft-mapped.jar:?]
	at net.minecraft.client.main.Main.main(Main.java:179) [minecraft-mapped.jar:?]
	at jdk.internal.reflect.NativeMethodAccessorImpl.invoke0(Native Method) ~[?:?]
	at jdk.internal.reflect.NativeMethodAccessorImpl.invoke(NativeMethodAccessorImpl.java:78) ~[?:?]
	at jdk.internal.reflect.DelegatingMethodAccessorImpl.invoke(DelegatingMethodAccessorImpl.java:43) ~[?:?]
	at java.lang.reflect.Method.invoke(Method.java:567) ~[?:?]
	at net.fabricmc.loader.impl.game.minecraft.MinecraftGameProvider.launch(MinecraftGameProvider.java:568) [fabric-loader-0.12.5.jar:?]
	at net.fabricmc.loader.impl.launch.knot.Knot.launch(Knot.java:74) [fabric-loader-0.12.5.jar:?]
	at net.fabricmc.loader.impl.launch.knot.KnotClient.main(KnotClient.java:23) [fabric-loader-0.12.5.jar:?]
	at net.fabricmc.devlaunchinjector.Main.main(Main.java:86) [dev-launch-injector-0.2.1+build.8.jar:?]
Caused by: com.mojang.authlib.exceptions.MinecraftClientHttpException: Status: 401
	at com.mojang.authlib.minecraft.client.MinecraftClient.readInputStream(MinecraftClient.java:77) ~[authlib-2.3.31.jar:?]
	at com.mojang.authlib.minecraft.client.MinecraftClient.get(MinecraftClient.java:47) ~[authlib-2.3.31.jar:?]
	at com.mojang.authlib.yggdrasil.YggdrasilSocialInteractionsService.checkPrivileges(YggdrasilSocialInteractionsService.java:104) ~[authlib-2.3.31.jar:?]
	... 13 more
[22:59:33] [Render thread/INFO]: Setting user: Player678
[22:59:33] [Render thread/WARN]: @Inject(@At("INVOKE")) Shift.BY=3 on fabric-lifecycle-events-v1.mixins.json:client.WorldChunkMixin::handler$zej000$onLoadBlockEntity exceeds the maximum allowed value: 0. Increase the value of maxShiftBy to suppress this warning.
[22:59:33] [Render thread/INFO]: [Indigo] Registering Indigo renderer!
[22:59:33] [Render thread/INFO]: Backend library: LWJGL version 3.2.2 build 10
[22:59:35] [Render thread/INFO]: Narrator library for x64 successfully loaded
[22:59:35] [Render thread/INFO]: Reloading ResourceManager: Default, Fabric Mods (AppleSkin, Fabric Item API (v1), Fabric Crash Report Info (v1), Fabric Networking API (v1), Fabric Structure API (v1), Fabric Resource Loader (v0), Fabric Transfer API (v1), Fabric Loot Tables (v1), Fabric Particles (v1), Fabric Rendering (v0), Fabric Biome API (v1), Fabric Renderer - Indigo, Fabric Game Test API (v1), Cloth Config v4, Fabric Screen API (v1), Fabric Events Interaction (v0), Fabric Models (v0), Fabric Game Rule API (v1), Fabric Events Lifecycle (v0), Fabric API, Fabric Networking (v0), Fabric Item Groups (v0), Fabric Screen Handler API (v1), Fabric BlockRenderLayer Registration (v1), Fabric Containers (v0), Fabric Lifecycle Events (v1), Fabric Loader, Fabric Content Registries (v0), Fabric Commands (v0), Fabric Object Builder API (v1), Fabric Rendering (v1), Fabric Key Binding API (v1), Fabric API Base, Fabric Tag Extensions (v0), Fabric API Lookup API (v1), Fabric Object Builders (v0), Fabric Dimensions API (v1), Fabric Command API (v1), Fabric Networking Block Entity (v0), Fabric Mining Level API (v1), Fabric Renderer API (v1), Fabric Mining Levels (v0), Fabric Key Bindings (v0), Fabric Textures (v0), Fabric Registry Sync (v0), Fabric Tool Attribute API (v1), Fabric Renderer Registries (v1), Overflow to Saturation, Fabric Entity Events (v1), Fabric Rendering Data Attachment (v1), Fabric Rendering Fluids (v1))
[22:59:36] [Render thread/INFO]: OpenAL initialized.
[22:59:36] [Render thread/INFO]: Sound engine started
[22:59:37] [Render thread/INFO]: Created: 1024x1024x4 minecraft:textures/atlas/blocks.png-atlas
[22:59:37] [Render thread/INFO]: Created: 256x128x4 minecraft:textures/atlas/signs.png-atlas
[22:59:37] [Render thread/INFO]: Created: 1024x512x4 minecraft:textures/atlas/banner_patterns.png-atlas
[22:59:37] [Render thread/INFO]: Created: 1024x512x4 minecraft:textures/atlas/shield_patterns.png-atlas
[22:59:37] [Render thread/INFO]: Created: 256x256x4 minecraft:textures/atlas/chest.png-atlas
[22:59:37] [Render thread/INFO]: Created: 512x256x4 minecraft:textures/atlas/beds.png-atlas
[22:59:37] [Render thread/INFO]: Created: 512x256x4 minecraft:textures/atlas/shulker_boxes.png-atlas
[22:59:37] [Render thread/INFO]: Created: 256x256x0 minecraft:textures/atlas/particles.png-atlas
[22:59:37] [Render thread/INFO]: Created: 256x256x0 minecraft:textures/atlas/paintings.png-atlas
[22:59:37] [Render thread/INFO]: Created: 256x128x0 minecraft:textures/atlas/mob_effects.png-atlas
[22:59:41] [Render thread/WARN]: Ambiguity between arguments [teleport, location] and [teleport, destination] with inputs: [0.1 -0.5 .9, 0 0 0]
[22:59:41] [Render thread/WARN]: Ambiguity between arguments [teleport, location] and [teleport, targets] with inputs: [0.1 -0.5 .9, 0 0 0]
[22:59:41] [Render thread/WARN]: Ambiguity between arguments [teleport, destination] and [teleport, targets] with inputs: [Player, 0123, @e, dd12be42-52a9-4a91-a8a1-11c01849e498]
[22:59:41] [Render thread/WARN]: Ambiguity between arguments [teleport, targets] and [teleport, destination] with inputs: [Player, 0123, dd12be42-52a9-4a91-a8a1-11c01849e498]
[22:59:41] [Render thread/WARN]: Ambiguity between arguments [teleport, targets, location] and [teleport, targets, destination] with inputs: [0.1 -0.5 .9, 0 0 0]
[22:59:41] [Render thread/INFO]: Reloading ResourceManager: Default, Fabric Mods (Fabric Game Test API (v1), Fabric Tool Attribute API (v1))
[22:59:41] [Render thread/INFO]: Loaded 7 recipes
[22:59:42] [Render thread/INFO]: Loaded 1137 advancements
[22:59:42] [Render thread/INFO]: Applied 0 biome modifications to 0 of 81 new biomes in 1.447 ms
[22:59:42] [Render thread/INFO]: Environment: authHost='https://authserver.mojang.com', accountsHost='https://api.mojang.com', sessionHost='https://sessionserver.mojang.com', servicesHost='https://api.minecraftservices.com', name='PROD'
[22:59:42] [Server thread/INFO]: Starting integrated minecraft server version 1.17.1
[22:59:42] [Server thread/INFO]: Generating keypair
[22:59:43] [Server thread/INFO]: Preparing start region for dimension minecraft:overworld
[22:59:43] [Render thread/INFO]: Preparing spawn area: 0%
[22:59:46] [Render thread/INFO]: Preparing spawn area: 0%
[22:59:46] [Render thread/INFO]: Preparing spawn area: 0%
[22:59:46] [Render thread/INFO]: Preparing spawn area: 0%
[22:59:46] [Render thread/INFO]: Preparing spawn area: 0%
[22:59:46] [Render thread/INFO]: Preparing spawn area: 0%
[22:59:46] [Render thread/INFO]: Preparing spawn area: 4%
[22:59:46] [Render thread/INFO]: Preparing spawn area: 90%
[22:59:46] [Server thread/INFO]: Changing view distance to 15, from 10
[22:59:47] [Render thread/INFO]: Preparing spawn area: 91%
[22:59:47] [Render thread/INFO]: Time elapsed: 4327 ms
[22:59:47] [Server thread/INFO]: Player678[local:E:8e7cd18e] logged in with entity id 227 at (-15.192885890175411, 63.0, -44.635091135470404)
[22:59:47] [Server thread/INFO]: Player678 joined the game
[22:59:48] [Server thread/INFO]: Saving and pausing game...
[22:59:48] [Server thread/INFO]: Saving chunks for level 'ServerLevel[New World]'/minecraft:overworld
[22:59:48] [Render thread/INFO]: Loaded 0 advancements
[22:59:48] [Server thread/INFO]: Saving chunks for level 'ServerLevel[New World]'/minecraft:the_nether
[22:59:48] [Server thread/INFO]: Saving chunks for level 'ServerLevel[New World]'/minecraft:the_end
[22:59:59] [Server thread/INFO]: [Player678: Gave 64 [Golden Carrot] to Player678]
[22:59:59] [Render thread/INFO]: [CHAT] Gave 64 [Golden Carrot] to Player678
[23:00:03] [Server thread/INFO]: [Player678: Applied effect Hunger to Player678]
[23:00:03] [Render thread/INFO]: [CHAT] Applied effect Hunger to Player678
[23:00:06] [Server thread/INFO]: [Player678: Applied effect Hunger to Player678]
[23:00:06] [Render thread/INFO]: [CHAT] Applied effect Hunger to Player678
[23:00:12] [Server thread/INFO]: [Player678: Applied effect Hunger to Player678]
[23:00:12] [Render thread/INFO]: [CHAT] Applied effect Hunger to Player678
[23:00:18] [Render thread/INFO]: Loaded 15 advancements
[23:00:21] [Server thread/INFO]: [Player678: Applied effect Hunger to Player678]
[23:00:21] [Render thread/INFO]: [CHAT] Applied effect Hunger to Player678
[23:00:23] [Server thread/INFO]: [Player678: Applied effect Hunger to Player678]
[23:00:23] [Render thread/INFO]: [CHAT] Applied effect Hunger to Player678
[23:00:24] [Server thread/INFO]: [Player678: Applied effect Hunger to Player678]
[23:00:24] [Render thread/INFO]: [CHAT] Applied effect Hunger to Player678
[23:00:26] [Server thread/INFO]: [Player678: Applied effect Hunger to Player678]
[23:00:26] [Render thread/INFO]: [CHAT] Applied effect Hunger to Player678
[23:00:27] [Server thread/INFO]: [Player678: Applied effect Hunger to Player678]
[23:00:27] [Render thread/INFO]: [CHAT] Applied effect Hunger to Player678
[23:00:38] [Server thread/INFO]: [Player678: Applied effect Hunger to Player678]
[23:00:38] [Render thread/INFO]: [CHAT] Applied effect Hunger to Player678
[23:00:41] [Server thread/INFO]: [Player678: Applied effect Hunger to Player678]
[23:00:41] [Render thread/INFO]: [CHAT] Applied effect Hunger to Player678
[23:00:43] [Server thread/INFO]: [Player678: Applied effect Hunger to Player678]
[23:00:43] [Render thread/INFO]: [CHAT] Applied effect Hunger to Player678
[23:00:45] [Server thread/INFO]: [Player678: Applied effect Hunger to Player678]
[23:00:45] [Render thread/INFO]: [CHAT] Applied effect Hunger to Player678
[23:00:49] [Server thread/INFO]: [Player678: Applied effect Hunger to Player678]
[23:00:49] [Render thread/INFO]: [CHAT] Applied effect Hunger to Player678
[23:01:38] [Server thread/INFO]: [Player678: Applied effect Hunger to Player678]
[23:01:38] [Render thread/INFO]: [CHAT] Applied effect Hunger to Player678
[23:01:40] [Server thread/INFO]: [Player678: Applied effect Hunger to Player678]
[23:01:40] [Render thread/INFO]: [CHAT] Applied effect Hunger to Player678
[23:01:41] [Server thread/INFO]: [Player678: Applied effect Hunger to Player678]
[23:01:41] [Render thread/INFO]: [CHAT] Applied effect Hunger to Player678
[23:01:43] [Server thread/INFO]: [Player678: Applied effect Hunger to Player678]
[23:01:43] [Render thread/INFO]: [CHAT] Applied effect Hunger to Player678
[23:02:28] [JDWP Transport Listener: dt_socket/INFO]: Redefining class ca/rttv/overflowtosaturation/OverflowToSaturation
[23:02:28] [JDWP Transport Listener: dt_socket/INFO]: Redefining mixin ca/rttv/overflowtosaturation/mixin/HungerManagerMixin
[23:02:32] [Server thread/INFO]: [Player678: Applied effect Hunger to Player678]
[23:02:32] [Render thread/INFO]: [CHAT] Applied effect Hunger to Player678
[23:02:42] [Render thread/INFO]: Loaded 15 advancements
[23:03:58] [JDWP Transport Listener: dt_socket/INFO]: Redefining class ca/rttv/overflowtosaturation/OverflowToSaturation
[23:03:58] [JDWP Transport Listener: dt_socket/INFO]: Redefining mixin ca/rttv/overflowtosaturation/mixin/HungerManagerMixin
[23:04:01] [Server thread/INFO]: [Player678: Applied effect Hunger to Player678]
[23:04:01] [Render thread/INFO]: [CHAT] Applied effect Hunger to Player678
[23:04:03] [Server thread/INFO]: [Player678: Applied effect Hunger to Player678]
[23:04:03] [Render thread/INFO]: [CHAT] Applied effect Hunger to Player678
[23:04:09] [Server thread/INFO]: [Player678: Applied effect Hunger to Player678]
[23:04:09] [Render thread/INFO]: [CHAT] Applied effect Hunger to Player678
[23:04:10] [Server thread/INFO]: [Player678: Applied effect Hunger to Player678]
[23:04:10] [Render thread/INFO]: [CHAT] Applied effect Hunger to Player678
[23:04:23] [Server thread/INFO]: [Player678: Applied effect Hunger to Player678]
[23:04:23] [Render thread/INFO]: [CHAT] Applied effect Hunger to Player678
[23:04:26] [Server thread/INFO]: [Player678: Applied effect Hunger to Player678]
[23:04:26] [Render thread/INFO]: [CHAT] Applied effect Hunger to Player678
[23:04:28] [Server thread/INFO]: [Player678: Applied effect Hunger to Player678]
[23:04:28] [Render thread/INFO]: [CHAT] Applied effect Hunger to Player678
[23:06:51] [JDWP Transport Listener: dt_socket/INFO]: Redefining class ca/rttv/overflowtosaturation/OverflowToSaturation
[23:06:51] [JDWP Transport Listener: dt_socket/INFO]: Redefining mixin ca/rttv/overflowtosaturation/mixin/HungerManagerMixin
[23:06:54] [Server thread/INFO]: [Player678: Applied effect Hunger to Player678]
[23:06:54] [Render thread/INFO]: [CHAT] Applied effect Hunger to Player678
[23:07:25] [JDWP Transport Listener: dt_socket/INFO]: Redefining class ca/rttv/overflowtosaturation/OverflowToSaturation
[23:07:25] [JDWP Transport Listener: dt_socket/INFO]: Redefining mixin ca/rttv/overflowtosaturation/mixin/HungerManagerMixin
[23:07:29] [Server thread/INFO]: [Player678: Applied effect Hunger to Player678]
[23:07:29] [Render thread/INFO]: [CHAT] Applied effect Hunger to Player678
[23:07:31] [Server thread/INFO]: [Player678: Applied effect Hunger to Player678]
[23:07:31] [Render thread/INFO]: [CHAT] Applied effect Hunger to Player678
[23:07:32] [Server thread/INFO]: [Player678: Applied effect Hunger to Player678]
[23:07:32] [Render thread/INFO]: [CHAT] Applied effect Hunger to Player678
[23:07:38] [Server thread/INFO]: [Player678: Applied effect Hunger to Player678]
[23:07:38] [Render thread/INFO]: [CHAT] Applied effect Hunger to Player678
[23:07:40] [Server thread/INFO]: [Player678: Applied effect Hunger to Player678]
[23:07:40] [Render thread/INFO]: [CHAT] Applied effect Hunger to Player678
[23:07:41] [Server thread/INFO]: [Player678: Applied effect Hunger to Player678]
[23:07:41] [Render thread/INFO]: [CHAT] Applied effect Hunger to Player678
[23:07:57] [Server thread/INFO]: [Player678: Applied effect Hunger to Player678]
[23:07:57] [Render thread/INFO]: [CHAT] Applied effect Hunger to Player678
[23:07:59] [Server thread/INFO]: [Player678: Applied effect Hunger to Player678]
[23:07:59] [Render thread/INFO]: [CHAT] Applied effect Hunger to Player678
[23:08:00] [Server thread/INFO]: [Player678: Applied effect Hunger to Player678]
[23:08:00] [Render thread/INFO]: [CHAT] Applied effect Hunger to Player678
[23:08:07] [Server thread/INFO]: [Player678: Applied effect Hunger to Player678]
[23:08:07] [Render thread/INFO]: [CHAT] Applied effect Hunger to Player678
[23:08:08] [Server thread/INFO]: [Player678: Applied effect Hunger to Player678]
[23:08:08] [Render thread/INFO]: [CHAT] Applied effect Hunger to Player678
[23:08:09] [Server thread/INFO]: [Player678: Applied effect Hunger to Player678]
[23:08:09] [Render thread/INFO]: [CHAT] Applied effect Hunger to Player678
[23:08:10] [Server thread/INFO]: [Player678: Applied effect Hunger to Player678]
[23:08:10] [Render thread/INFO]: [CHAT] Applied effect Hunger to Player678
[23:08:12] [Server thread/INFO]: [Player678: Applied effect Hunger to Player678]
[23:08:12] [Render thread/INFO]: [CHAT] Applied effect Hunger to Player678
[23:23:54] [JDWP Transport Listener: dt_socket/INFO]: Redefining class ca/rttv/overflowtosaturation/OverflowToSaturation
[23:23:54] [JDWP Transport Listener: dt_socket/INFO]: Redefining mixin ca/rttv/overflowtosaturation/mixin/HungerManagerMixin
[23:23:57] [Server thread/INFO]: [Player678: Applied effect Hunger to Player678]
[23:23:57] [Render thread/INFO]: [CHAT] Applied effect Hunger to Player678
[23:23:58] [Server thread/INFO]: [Player678: Applied effect Hunger to Player678]
[23:23:58] [Render thread/INFO]: [CHAT] Applied effect Hunger to Player678
[23:23:59] [Server thread/INFO]: [Player678: Applied effect Hunger to Player678]
[23:23:59] [Render thread/INFO]: [CHAT] Applied effect Hunger to Player678
[23:24:01] [Server thread/INFO]: [Player678: Applied effect Hunger to Player678]
[23:24:01] [Render thread/INFO]: [CHAT] Applied effect Hunger to Player678
[23:24:05] [Server thread/INFO]: [Player678: Applied effect Hunger to Player678]
[23:24:05] [Render thread/INFO]: [CHAT] Applied effect Hunger to Player678
[23:24:14] [Server thread/INFO]: [Player678: Applied effect Hunger to Player678]
[23:24:14] [Render thread/INFO]: [CHAT] Applied effect Hunger to Player678
[23:24:15] [Server thread/INFO]: [Player678: Applied effect Hunger to Player678]
[23:24:15] [Render thread/INFO]: [CHAT] Applied effect Hunger to Player678
[23:24:24] [Server thread/INFO]: [Player678: Applied effect Hunger to Player678]
[23:24:24] [Render thread/INFO]: [CHAT] Applied effect Hunger to Player678
[23:24:26] [Server thread/INFO]: [Player678: Applied effect Hunger to Player678]
[23:24:26] [Render thread/INFO]: [CHAT] Applied effect Hunger to Player678
[23:24:28] [Server thread/INFO]: [Player678: Applied effect Hunger to Player678]
[23:24:28] [Render thread/INFO]: [CHAT] Applied effect Hunger to Player678
[23:24:29] [Server thread/INFO]: [Player678: Applied effect Hunger to Player678]
[23:24:29] [Render thread/INFO]: [CHAT] Applied effect Hunger to Player678
[23:24:36] [Server thread/INFO]: [Player678: Applied effect Hunger to Player678]
[23:24:36] [Render thread/INFO]: [CHAT] Applied effect Hunger to Player678
[23:24:39] [Server thread/INFO]: [Player678: Applied effect Hunger to Player678]
[23:24:39] [Render thread/INFO]: [CHAT] Applied effect Hunger to Player678
[23:24:46] [Server thread/INFO]: [Player678: Gave 4 [Potato] to Player678]
[23:24:46] [Render thread/INFO]: [CHAT] Gave 4 [Potato] to Player678
[23:24:46] [Render thread/INFO]: Loaded 19 advancements
[23:24:49] [Render thread/INFO]: Loaded 19 advancements
[23:24:55] [Server thread/INFO]: [Player678: Gave 4 [Potato] to Player678]
[23:24:55] [Render thread/INFO]: [CHAT] Gave 4 [Potato] to Player678
[23:25:04] [Server thread/INFO]: [Player678: Applied effect Hunger to Player678]
[23:25:04] [Render thread/INFO]: [CHAT] Applied effect Hunger to Player678
[23:25:06] [Server thread/INFO]: [Player678: Applied effect Hunger to Player678]
[23:25:06] [Render thread/INFO]: [CHAT] Applied effect Hunger to Player678
[23:25:07] [Server thread/INFO]: [Player678: Applied effect Hunger to Player678]
[23:25:07] [Render thread/INFO]: [CHAT] Applied effect Hunger to Player678
[23:25:15] [Server thread/INFO]: [Player678: Gave 4 [Baked Potato] to Player678]
[23:25:15] [Render thread/INFO]: [CHAT] Gave 4 [Baked Potato] to Player678
[23:25:17] [Render thread/INFO]: Loaded 19 advancements
[23:25:26] [Server thread/INFO]: [Player678: Applied effect Hunger to Player678]
[23:25:26] [Render thread/INFO]: [CHAT] Applied effect Hunger to Player678
[23:25:28] [Server thread/INFO]: [Player678: Applied effect Hunger to Player678]
[23:25:28] [Render thread/INFO]: [CHAT] Applied effect Hunger to Player678
[23:25:29] [Server thread/INFO]: [Player678: Applied effect Hunger to Player678]
[23:25:29] [Render thread/INFO]: [CHAT] Applied effect Hunger to Player678
[23:25:31] [Server thread/INFO]: [Player678: Applied effect Hunger to Player678]
[23:25:31] [Render thread/INFO]: [CHAT] Applied effect Hunger to Player678
[23:25:32] [Server thread/INFO]: [Player678: Applied effect Hunger to Player678]
[23:25:32] [Render thread/INFO]: [CHAT] Applied effect Hunger to Player678
[23:25:33] [Server thread/INFO]: [Player678: Applied effect Hunger to Player678]
[23:25:33] [Render thread/INFO]: [CHAT] Applied effect Hunger to Player678
[23:25:45] [Server thread/INFO]: [Player678: Applied effect Hunger to Player678]
[23:25:45] [Render thread/INFO]: [CHAT] Applied effect Hunger to Player678
[23:25:47] [Server thread/INFO]: [Player678: Applied effect Hunger to Player678]
[23:25:47] [Render thread/INFO]: [CHAT] Applied effect Hunger to Player678
[23:25:50] [Server thread/INFO]: Saving and pausing game...
[23:25:50] [Server thread/INFO]: Saving chunks for level 'ServerLevel[New World]'/minecraft:overworld
[23:25:50] [Server thread/INFO]: Saving chunks for level 'ServerLevel[New World]'/minecraft:the_nether
[23:25:50] [Server thread/INFO]: Saving chunks for level 'ServerLevel[New World]'/minecraft:the_end
[23:25:56] [Server thread/INFO]: [Player678: Gave 63 [Baked Potato] to Player678]
[23:25:56] [Render thread/INFO]: [CHAT] Gave 63 [Baked Potato] to Player678
[23:31:05] [Server thread/INFO]: Saving and pausing game...
[23:31:05] [Server thread/INFO]: Saving chunks for level 'ServerLevel[New World]'/minecraft:overworld
[23:31:05] [Server thread/INFO]: Saving chunks for level 'ServerLevel[New World]'/minecraft:the_nether
[23:31:05] [Server thread/INFO]: Saving chunks for level 'ServerLevel[New World]'/minecraft:the_end
